# JRE version: Java(TM) SE Runtime Environment (8.0_20-b26) (build 1.8.0_20-b26)
# Java VM: Java HotSpot(TM) 64-Bit Server VM (25.20-b23 mixed mode bsd-amd64 compressed oops)
Heap:
 PSYoungGen      total 76288K, used 42823K [0x000000076ab00000, 0x0000000771800000, 0x00000007c0000000)
  eden space 65536K, 60% used [0x000000076ab00000,0x000000076d194578,0x000000076eb00000)
  from space 10752K, 30% used [0x000000076eb00000,0x000000076ee3d9b8,0x000000076f580000)
  to   space 10752K, 0% used [0x0000000770d80000,0x0000000770d80000,0x0000000771800000)
 ParOldGen       total 108544K, used 7142K [0x00000006c0000000, 0x00000006c6a00000, 0x000000076ab00000)
  object space 108544K, 6% used [0x00000006c0000000,0x00000006c06f9938,0x00000006c6a00000)
 Metaspace       used 24116K, capacity 25354K, committed 25600K, reserved 1071104K
  class space    used 3243K, capacity 3484K, committed 3584K, reserved 1048576K
GC Heap History (8 events):
Event: 1.500 GC heap before
{Heap before GC invocations=1 (full 0):
 PSYoungGen      total 76288K, used 65536K [0x000000076ab00000, 0x0000000770000000, 0x00000007c0000000)
  eden space 65536K, 100% used [0x000000076ab00000,0x000000076eb00000,0x000000076eb00000)
  from space 10752K, 0% used [0x000000076f580000,0x000000076f580000,0x0000000770000000)
  to   space 10752K, 0% used [0x000000076eb00000,0x000000076eb00000,0x000000076f580000)
 ParOldGen       total 175104K, used 0K [0x00000006c0000000, 0x00000006cab00000, 0x000000076ab00000)
  object space 175104K, 0% used [0x00000006c0000000,0x00000006c0000000,0x00000006cab00000)
 Metaspace       used 18602K, capacity 19514K, committed 19840K, reserved 1067008K
  class space    used 2667K, capacity 2878K, committed 2944K, reserved 1048576K
Event: 1.508 GC heap after
Heap after GC invocations=1 (full 0):
 PSYoungGen      total 76288K, used 7783K [0x000000076ab00000, 0x0000000770000000, 0x00000007c0000000)
  eden space 65536K, 0% used [0x000000076ab00000,0x000000076ab00000,0x000000076eb00000)
  from space 10752K, 72% used [0x000000076eb00000,0x000000076f299d60,0x000000076f580000)
  to   space 10752K, 0% used [0x000000076f580000,0x000000076f580000,0x0000000770000000)
 ParOldGen       total 175104K, used 88K [0x00000006c0000000, 0x00000006cab00000, 0x000000076ab00000)
  object space 175104K, 0% used [0x00000006c0000000,0x00000006c0016010,0x00000006cab00000)
 Metaspace       used 18602K, capacity 19514K, committed 19840K, reserved 1067008K
  class space    used 2667K, capacity 2878K, committed 2944K, reserved 1048576K
}
Event: 1.727 GC heap before
{Heap before GC invocations=2 (full 0):
 PSYoungGen      total 76288K, used 16249K [0x000000076ab00000, 0x0000000770000000, 0x00000007c0000000)
  eden space 65536K, 12% used [0x000000076ab00000,0x000000076b3449b8,0x000000076eb00000)
  from space 10752K, 72% used [0x000000076eb00000,0x000000076f299d60,0x000000076f580000)
  to   space 10752K, 0% used [0x000000076f580000,0x000000076f580000,0x0000000770000000)
 ParOldGen       total 175104K, used 88K [0x00000006c0000000, 0x00000006cab00000, 0x000000076ab00000)
  object space 175104K, 0% used [0x00000006c0000000,0x00000006c0016010,0x00000006cab00000)
 Metaspace       used 20303K, capacity 21242K, committed 21296K, reserved 1067008K
  class space    used 2987K, capacity 3176K, committed 3200K, reserved 1048576K
Event: 1.733 GC heap after
Heap after GC invocations=2 (full 0):
 PSYoungGen      total 76288K, used 7208K [0x000000076ab00000, 0x0000000774000000, 0x00000007c0000000)
  eden space 65536K, 0% used [0x000000076ab00000,0x000000076ab00000,0x000000076eb00000)
  from space 10752K, 67% used [0x000000076f580000,0x000000076fc8a020,0x0000000770000000)
  to   space 10752K, 0% used [0x000000076eb00000,0x000000076eb00000,0x000000076f580000)
 ParOldGen       total 175104K, used 96K [0x00000006c0000000, 0x00000006cab00000, 0x000000076ab00000)
  object space 175104K, 0% used [0x00000006c0000000,0x00000006c0018010,0x00000006cab00000)
 Metaspace       used 20303K, capacity 21242K, committed 21296K, reserved 1067008K
  class space    used 2987K, capacity 3176K, committed 3200K, reserved 1048576K
}
Event: 1.733 GC heap before
{Heap before GC invocations=3 (full 1):
 PSYoungGen      total 76288K, used 7208K [0x000000076ab00000, 0x0000000774000000, 0x00000007c0000000)
  eden space 65536K, 0% used [0x000000076ab00000,0x000000076ab00000,0x000000076eb00000)
  from space 10752K, 67% used [0x000000076f580000,0x000000076fc8a020,0x0000000770000000)
  to   space 10752K, 0% used [0x000000076eb00000,0x000000076eb00000,0x000000076f580000)
 ParOldGen       total 175104K, used 96K [0x00000006c0000000, 0x00000006cab00000, 0x000000076ab00000)
  object space 175104K, 0% used [0x00000006c0000000,0x00000006c0018010,0x00000006cab00000)
 Metaspace       used 20303K, capacity 21242K, committed 21296K, reserved 1067008K
  class space    used 2987K, capacity 3176K, committed 3200K, reserved 1048576K
Event: 1.763 GC heap after
Heap after GC invocations=3 (full 1):
 PSYoungGen      total 76288K, used 0K [0x000000076ab00000, 0x0000000774000000, 0x00000007c0000000)
  eden space 65536K, 0% used [0x000000076ab00000,0x000000076ab00000,0x000000076eb00000)
  from space 10752K, 0% used [0x000000076f580000,0x000000076f580000,0x0000000770000000)
  to   space 10752K, 0% used [0x000000076eb00000,0x000000076eb00000,0x000000076f580000)
 ParOldGen       total 108544K, used 7134K [0x00000006c0000000, 0x00000006c6a00000, 0x000000076ab00000)
  object space 108544K, 6% used [0x00000006c0000000,0x00000006c06f7938,0x00000006c6a00000)
 Metaspace       used 20302K, capacity 21240K, committed 21296K, reserved 1067008K
  class space    used 2986K, capacity 3175K, committed 3200K, reserved 1048576K
}
Event: 238.250 GC heap before
{Heap before GC invocations=4 (full 1):
 PSYoungGen      total 76288K, used 65536K [0x000000076ab00000, 0x0000000774000000, 0x00000007c0000000)
  eden space 65536K, 100% used [0x000000076ab00000,0x000000076eb00000,0x000000076eb00000)
  from space 10752K, 0% used [0x000000076f580000,0x000000076f580000,0x0000000770000000)
  to   space 10752K, 0% used [0x000000076eb00000,0x000000076eb00000,0x000000076f580000)
 ParOldGen       total 108544K, used 7134K [0x00000006c0000000, 0x00000006c6a00000, 0x000000076ab00000)
  object space 108544K, 6% used [0x00000006c0000000,0x00000006c06f7938,0x00000006c6a00000)
 Metaspace       used 23500K, capacity 24702K, committed 24960K, reserved 1071104K
  class space    used 3184K, capacity 3420K, committed 3456K, reserved 1048576K
Event: 238.253 GC heap after
Heap after GC invocations=4 (full 1):
 PSYoungGen      total 76288K, used 3318K [0x000000076ab00000, 0x0000000771800000, 0x00000007c0000000)
  eden space 65536K, 0% used [0x000000076ab00000,0x000000076ab00000,0x000000076eb00000)
  from space 10752K, 30% used [0x000000076eb00000,0x000000076ee3d9b8,0x000000076f580000)
  to   space 10752K, 0% used [0x0000000770d80000,0x0000000770d80000,0x0000000771800000)
 ParOldGen       total 108544K, used 7142K [0x00000006c0000000, 0x00000006c6a00000, 0x000000076ab00000)
  object space 108544K, 6% used [0x00000006c0000000,0x00000006c06f9938,0x00000006c6a00000)
 Metaspace       used 23500K, capacity 24702K, committed 24960K, reserved 1071104K
  class space    used 3184K, capacity 3420K, committed 3456K, reserved 1048576K
}

